# JRE version: Java(TM) SE Runtime Environment (8.0_51-b16) (build 1.8.0_51-b16)
# Java VM: Java HotSpot(TM) Client VM (25.51-b03 mixed mode windows-x86 )
Heap:
 def new generation   total 4928K, used 2858K [0x0f200000, 0x0f750000, 0x14750000)
  eden space 4416K,  64% used [0x0f200000, 0x0f4c2940, 0x0f650000)
  from space 512K,   6% used [0x0f650000, 0x0f657fc0, 0x0f6d0000)
  to   space 512K,   0% used [0x0f6d0000, 0x0f6d0000, 0x0f750000)
 tenured generation   total 10944K, used 4451K [0x14750000, 0x15200000, 0x1f200000)
   the space 10944K,  40% used [0x14750000, 0x14ba8c38, 0x14ba8e00, 0x15200000)
 Metaspace       used 6442K, capacity 6614K, committed 6656K, reserved 7552K
GC Heap History (10 events):
Event: 174.013 GC heap before
{Heap before GC invocations=31 (full 0):
 def new generation   total 4928K, used 4436K [0x0f200000, 0x0f750000, 0x14750000)
  eden space 4416K, 100% used [0x0f200000, 0x0f650000, 0x0f650000)
  from space 512K,   4% used [0x0f6d0000, 0x0f6d53f8, 0x0f750000)
  to   space 512K,   0% used [0x0f650000, 0x0f650000, 0x0f6d0000)
 tenured generation   total 10944K, used 4451K [0x14750000, 0x15200000, 0x1f200000)
   the space 10944K,  40% used [0x14750000, 0x14ba8c38, 0x14ba8e00, 0x15200000)
 Metaspace       used 6442K, capacity 6614K, committed 6656K, reserved 7552K
Event: 174.015 GC heap after
Heap after GC invocations=32 (full 0):
 def new generation   total 4928K, used 21K [0x0f200000, 0x0f750000, 0x14750000)
  eden space 4416K,   0% used [0x0f200000, 0x0f200000, 0x0f650000)
  from space 512K,   4% used [0x0f650000, 0x0f6555a8, 0x0f6d0000)
  to   space 512K,   0% used [0x0f6d0000, 0x0f6d0000, 0x0f750000)
 tenured generation   total 10944K, used 4451K [0x14750000, 0x15200000, 0x1f200000)
   the space 10944K,  40% used [0x14750000, 0x14ba8c38, 0x14ba8e00, 0x15200000)
 Metaspace       used 6442K, capacity 6614K, committed 6656K, reserved 7552K
}
Event: 180.163 GC heap before
{Heap before GC invocations=32 (full 0):
 def new generation   total 4928K, used 4437K [0x0f200000, 0x0f750000, 0x14750000)
  eden space 4416K, 100% used [0x0f200000, 0x0f650000, 0x0f650000)
  from space 512K,   4% used [0x0f650000, 0x0f6555a8, 0x0f6d0000)
  to   space 512K,   0% used [0x0f6d0000, 0x0f6d0000, 0x0f750000)
 tenured generation   total 10944K, used 4451K [0x14750000, 0x15200000, 0x1f200000)
   the space 10944K,  40% used [0x14750000, 0x14ba8c38, 0x14ba8e00, 0x15200000)
 Metaspace       used 6442K, capacity 6614K, committed 6656K, reserved 7552K
Event: 180.165 GC heap after
Heap after GC invocations=33 (full 0):
 def new generation   total 4928K, used 21K [0x0f200000, 0x0f750000, 0x14750000)
  eden space 4416K,   0% used [0x0f200000, 0x0f200000, 0x0f650000)
  from space 512K,   4% used [0x0f6d0000, 0x0f6d5620, 0x0f750000)
  to   space 512K,   0% used [0x0f650000, 0x0f650000, 0x0f6d0000)
 tenured generation   total 10944K, used 4451K [0x14750000, 0x15200000, 0x1f200000)
   the space 10944K,  40% used [0x14750000, 0x14ba8c38, 0x14ba8e00, 0x15200000)
 Metaspace       used 6442K, capacity 6614K, committed 6656K, reserved 7552K
}
Event: 186.318 GC heap before
{Heap before GC invocations=33 (full 0):
 def new generation   total 4928K, used 4437K [0x0f200000, 0x0f750000, 0x14750000)
  eden space 4416K, 100% used [0x0f200000, 0x0f650000, 0x0f650000)
  from space 512K,   4% used [0x0f6d0000, 0x0f6d5620, 0x0f750000)
  to   space 512K,   0% used [0x0f650000, 0x0f650000, 0x0f6d0000)
 tenured generation   total 10944K, used 4451K [0x14750000, 0x15200000, 0x1f200000)
   the space 10944K,  40% used [0x14750000, 0x14ba8c38, 0x14ba8e00, 0x15200000)
 Metaspace       used 6442K, capacity 6614K, committed 6656K, reserved 7552K
Event: 186.320 GC heap after
Heap after GC invocations=34 (full 0):
 def new generation   total 4928K, used 21K [0x0f200000, 0x0f750000, 0x14750000)
  eden space 4416K,   0% used [0x0f200000, 0x0f200000, 0x0f650000)
  from space 512K,   4% used [0x0f650000, 0x0f655690, 0x0f6d0000)
  to   space 512K,   0% used [0x0f6d0000, 0x0f6d0000, 0x0f750000)
 tenured generation   total 10944K, used 4451K [0x14750000, 0x15200000, 0x1f200000)
   the space 10944K,  40% used [0x14750000, 0x14ba8c38, 0x14ba8e00, 0x15200000)
 Metaspace       used 6442K, capacity 6614K, committed 6656K, reserved 7552K
}
Event: 192.451 GC heap before
{Heap before GC invocations=34 (full 0):
 def new generation   total 4928K, used 4437K [0x0f200000, 0x0f750000, 0x14750000)
  eden space 4416K, 100% used [0x0f200000, 0x0f650000, 0x0f650000)
  from space 512K,   4% used [0x0f650000, 0x0f655690, 0x0f6d0000)
  to   space 512K,   0% used [0x0f6d0000, 0x0f6d0000, 0x0f750000)
 tenured generation   total 10944K, used 4451K [0x14750000, 0x15200000, 0x1f200000)
   the space 10944K,  40% used [0x14750000, 0x14ba8c38, 0x14ba8e00, 0x15200000)
 Metaspace       used 6442K, capacity 6614K, committed 6656K, reserved 7552K
Event: 192.452 GC heap after
Heap after GC invocations=35 (full 0):
 def new generation   total 4928K, used 21K [0x0f200000, 0x0f750000, 0x14750000)
  eden space 4416K,   0% used [0x0f200000, 0x0f200000, 0x0f650000)
  from space 512K,   4% used [0x0f6d0000, 0x0f6d5560, 0x0f750000)
  to   space 512K,   0% used [0x0f650000, 0x0f650000, 0x0f6d0000)
 tenured generation   total 10944K, used 4451K [0x14750000, 0x15200000, 0x1f200000)
   the space 10944K,  40% used [0x14750000, 0x14ba8c38, 0x14ba8e00, 0x15200000)
 Metaspace       used 6442K, capacity 6614K, committed 6656K, reserved 7552K
}
Event: 200.162 GC heap before
{Heap before GC invocations=35 (full 0):
 def new generation   total 4928K, used 4437K [0x0f200000, 0x0f750000, 0x14750000)
  eden space 4416K, 100% used [0x0f200000, 0x0f650000, 0x0f650000)
  from space 512K,   4% used [0x0f6d0000, 0x0f6d5560, 0x0f750000)
  to   space 512K,   0% used [0x0f650000, 0x0f650000, 0x0f6d0000)
 tenured generation   total 10944K, used 4451K [0x14750000, 0x15200000, 0x1f200000)
   the space 10944K,  40% used [0x14750000, 0x14ba8c38, 0x14ba8e00, 0x15200000)
 Metaspace       used 6442K, capacity 6614K, committed 6656K, reserved 7552K
Event: 200.164 GC heap after
Heap after GC invocations=36 (full 0):
 def new generation   total 4928K, used 31K [0x0f200000, 0x0f750000, 0x14750000)
  eden space 4416K,   0% used [0x0f200000, 0x0f200000, 0x0f650000)
  from space 512K,   6% used [0x0f650000, 0x0f657fc0, 0x0f6d0000)
  to   space 512K,   0% used [0x0f6d0000, 0x0f6d0000, 0x0f750000)
 tenured generation   total 10944K, used 4451K [0x14750000, 0x15200000, 0x1f200000)
   the space 10944K,  40% used [0x14750000, 0x14ba8c38, 0x14ba8e00, 0x15200000)
 Metaspace       used 6442K, capacity 6614K, committed 6656K, reserved 7552K
}

