# JRE version: Java(TM) SE Runtime Environment (8.0_51-b16) (build 1.8.0_51-b16)
# Java VM: Java HotSpot(TM) Client VM (25.51-b03 mixed mode windows-x86 )
Heap:
 def new generation   total 4928K, used 776K [0x0f200000, 0x0f750000, 0x14750000)
  eden space 4416K,   5% used [0x0f200000, 0x0f2422f8, 0x0f650000)
  from space 512K, 100% used [0x0f650000, 0x0f6d0000, 0x0f6d0000)
  to   space 512K,   0% used [0x0f6d0000, 0x0f6d0000, 0x0f750000)
 tenured generation   total 10944K, used 4937K [0x14750000, 0x15200000, 0x1f200000)
   the space 10944K,  45% used [0x14750000, 0x14c22408, 0x14c22600, 0x15200000)
 Metaspace       used 5740K, capacity 5915K, committed 6016K, reserved 6528K
GC Heap History (10 events):
Event: 1.170 GC heap before
{Heap before GC invocations=1 (full 0):
 def new generation   total 4928K, used 4928K [0x0f200000, 0x0f750000, 0x14750000)
  eden space 4416K, 100% used [0x0f200000, 0x0f650000, 0x0f650000)
  from space 512K, 100% used [0x0f6d0000, 0x0f750000, 0x0f750000)
  to   space 512K,   0% used [0x0f650000, 0x0f650000, 0x0f6d0000)
 tenured generation   total 10944K, used 740K [0x14750000, 0x15200000, 0x1f200000)
   the space 10944K,   6% used [0x14750000, 0x14809070, 0x14809200, 0x15200000)
 Metaspace       used 4294K, capacity 4324K, committed 4416K, reserved 4480K
Event: 1.173 GC heap after
Heap after GC invocations=2 (full 0):
 def new generation   total 4928K, used 512K [0x0f200000, 0x0f750000, 0x14750000)
  eden space 4416K,   0% used [0x0f200000, 0x0f200000, 0x0f650000)
  from space 512K, 100% used [0x0f650000, 0x0f6d0000, 0x0f6d0000)
  to   space 512K,   0% used [0x0f6d0000, 0x0f6d0000, 0x0f750000)
 tenured generation   total 10944K, used 1848K [0x14750000, 0x15200000, 0x1f200000)
   the space 10944K,  16% used [0x14750000, 0x1491e010, 0x1491e200, 0x15200000)
 Metaspace       used 4294K, capacity 4324K, committed 4416K, reserved 4480K
}
Event: 1.828 GC heap before
{Heap before GC invocations=2 (full 0):
 def new generation   total 4928K, used 4928K [0x0f200000, 0x0f750000, 0x14750000)
  eden space 4416K, 100% used [0x0f200000, 0x0f650000, 0x0f650000)
  from space 512K, 100% used [0x0f650000, 0x0f6d0000, 0x0f6d0000)
  to   space 512K,   0% used [0x0f6d0000, 0x0f6d0000, 0x0f750000)
 tenured generation   total 10944K, used 1848K [0x14750000, 0x15200000, 0x1f200000)
   the space 10944K,  16% used [0x14750000, 0x1491e010, 0x1491e200, 0x15200000)
 Metaspace       used 5115K, capacity 5124K, committed 5248K, reserved 5504K
Event: 1.830 GC heap after
Heap after GC invocations=3 (full 0):
 def new generation   total 4928K, used 512K [0x0f200000, 0x0f750000, 0x14750000)
  eden space 4416K,   0% used [0x0f200000, 0x0f200000, 0x0f650000)
  from space 512K, 100% used [0x0f6d0000, 0x0f750000, 0x0f750000)
  to   space 512K,   0% used [0x0f650000, 0x0f650000, 0x0f6d0000)
 tenured generation   total 10944K, used 3160K [0x14750000, 0x15200000, 0x1f200000)
   the space 10944K,  28% used [0x14750000, 0x14a66390, 0x14a66400, 0x15200000)
 Metaspace       used 5115K, capacity 5124K, committed 5248K, reserved 5504K
}
Event: 5.593 GC heap before
{Heap before GC invocations=3 (full 0):
 def new generation   total 4928K, used 4928K [0x0f200000, 0x0f750000, 0x14750000)
  eden space 4416K, 100% used [0x0f200000, 0x0f650000, 0x0f650000)
  from space 512K, 100% used [0x0f6d0000, 0x0f750000, 0x0f750000)
  to   space 512K,   0% used [0x0f650000, 0x0f650000, 0x0f6d0000)
 tenured generation   total 10944K, used 3160K [0x14750000, 0x15200000, 0x1f200000)
   the space 10944K,  28% used [0x14750000, 0x14a66390, 0x14a66400, 0x15200000)
 Metaspace       used 5698K, capacity 5863K, committed 5888K, reserved 6528K
Event: 5.595 GC heap after
Heap after GC invocations=4 (full 0):
 def new generation   total 4928K, used 512K [0x0f200000, 0x0f750000, 0x14750000)
  eden space 4416K,   0% used [0x0f200000, 0x0f200000, 0x0f650000)
  from space 512K, 100% used [0x0f650000, 0x0f6d0000, 0x0f6d0000)
  to   space 512K,   0% used [0x0f6d0000, 0x0f6d0000, 0x0f750000)
 tenured generation   total 10944K, used 3728K [0x14750000, 0x15200000, 0x1f200000)
   the space 10944K,  34% used [0x14750000, 0x14af4158, 0x14af4200, 0x15200000)
 Metaspace       used 5698K, capacity 5863K, committed 5888K, reserved 6528K
}
Event: 18.260 GC heap before
{Heap before GC invocations=4 (full 0):
 def new generation   total 4928K, used 4928K [0x0f200000, 0x0f750000, 0x14750000)
  eden space 4416K, 100% used [0x0f200000, 0x0f650000, 0x0f650000)
  from space 512K, 100% used [0x0f650000, 0x0f6d0000, 0x0f6d0000)
  to   space 512K,   0% used [0x0f6d0000, 0x0f6d0000, 0x0f750000)
 tenured generation   total 10944K, used 3728K [0x14750000, 0x15200000, 0x1f200000)
   the space 10944K,  34% used [0x14750000, 0x14af4158, 0x14af4200, 0x15200000)
 Metaspace       used 5739K, capacity 5915K, committed 6016K, reserved 6528K
Event: 18.262 GC heap after
Heap after GC invocations=5 (full 0):
 def new generation   total 4928K, used 190K [0x0f200000, 0x0f750000, 0x14750000)
  eden space 4416K,   0% used [0x0f200000, 0x0f200000, 0x0f650000)
  from space 512K,  37% used [0x0f6d0000, 0x0f6ff8f8, 0x0f750000)
  to   space 512K,   0% used [0x0f650000, 0x0f650000, 0x0f6d0000)
 tenured generation   total 10944K, used 4234K [0x14750000, 0x15200000, 0x1f200000)
   the space 10944K,  38% used [0x14750000, 0x14b72ba0, 0x14b72c00, 0x15200000)
 Metaspace       used 5739K, capacity 5915K, committed 6016K, reserved 6528K
}
Event: 20.844 GC heap before
{Heap before GC invocations=5 (full 0):
 def new generation   total 4928K, used 4606K [0x0f200000, 0x0f750000, 0x14750000)
  eden space 4416K, 100% used [0x0f200000, 0x0f650000, 0x0f650000)
  from space 512K,  37% used [0x0f6d0000, 0x0f6ff8f8, 0x0f750000)
  to   space 512K,   0% used [0x0f650000, 0x0f650000, 0x0f6d0000)
 tenured generation   total 10944K, used 4234K [0x14750000, 0x15200000, 0x1f200000)
   the space 10944K,  38% used [0x14750000, 0x14b72ba0, 0x14b72c00, 0x15200000)
 Metaspace       used 5740K, capacity 5915K, committed 6016K, reserved 6528K
Event: 20.846 GC heap after
Heap after GC invocations=6 (full 0):
 def new generation   total 4928K, used 512K [0x0f200000, 0x0f750000, 0x14750000)
  eden space 4416K,   0% used [0x0f200000, 0x0f200000, 0x0f650000)
  from space 512K, 100% used [0x0f650000, 0x0f6d0000, 0x0f6d0000)
  to   space 512K,   0% used [0x0f6d0000, 0x0f6d0000, 0x0f750000)
 tenured generation   total 10944K, used 4937K [0x14750000, 0x15200000, 0x1f200000)
   the space 10944K,  45% used [0x14750000, 0x14c22408, 0x14c22600, 0x15200000)
 Metaspace       used 5740K, capacity 5915K, committed 6016K, reserved 6528K
}

